{"/Users/shekhei/Development/git/dust-scriptjs-helper/src/index.js":{"path":"/Users/shekhei/Development/git/dust-scriptjs-helper/src/index.js","s":{"1":1,"2":1,"3":1,"4":35,"5":0,"6":35,"7":30,"8":1,"9":1,"10":1,"11":1,"12":1,"13":1,"14":1,"15":3,"16":1,"17":1,"18":1,"19":1,"20":19,"21":19,"22":19,"23":19,"24":0,"25":19,"26":19,"27":19,"28":0,"29":19,"30":19,"31":1,"32":5,"33":5,"34":5,"35":5,"36":5,"37":5,"38":0,"39":5,"40":5,"41":0,"42":5,"43":5,"44":9,"45":9,"46":9,"47":5,"48":1,"49":10,"50":0,"51":10,"52":10,"53":0,"54":10,"55":10,"56":1,"57":5,"58":5,"59":5,"60":5,"61":5,"62":1,"63":4,"64":4,"65":4,"66":4,"67":4,"68":4,"69":4,"70":4,"71":4,"72":4,"73":4,"74":4,"75":4,"76":3,"77":4,"78":4,"79":4,"80":4,"81":4,"82":4,"83":4,"84":1,"85":57,"86":57,"87":1,"88":38,"89":38,"90":38,"91":1,"92":10,"93":10,"94":10,"95":2,"96":8,"97":8,"98":8,"99":8,"100":9,"101":9,"102":17,"103":17,"104":7,"105":10,"106":0,"107":10,"108":8,"109":8,"110":1,"111":4,"112":1,"113":13,"114":13,"115":13,"116":13,"117":13,"118":1,"119":7,"120":7,"121":2,"122":7,"123":9,"124":7,"125":2,"126":7,"127":7,"128":4,"129":3,"130":7},"b":{"1":[0,35],"2":[1,2],"3":[3,3],"4":[0,19],"5":[19,19],"6":[0,19],"7":[0,5],"8":[5,5],"9":[5,5],"10":[0,5],"11":[5,0],"12":[9,0],"13":[0,10],"14":[0,10],"15":[5,5],"16":[4,3],"17":[4,0],"18":[4,4],"19":[3,1],"20":[4,0],"21":[4,0],"22":[57,10],"23":[38,10],"24":[2,8],"25":[10,8],"26":[7,10],"27":[0,10],"28":[2,5],"29":[2,5],"30":[4,3]},"f":{"1":35,"2":30,"3":3,"4":19,"5":5,"6":10,"7":5,"8":4,"9":57,"10":38,"11":10,"12":8,"13":9,"14":4,"15":13,"16":13,"17":7,"18":9},"fnMap":{"1":{"name":"(anonymous_1)","line":0,"loc":{"start":{"line":0,"column":0},"end":{"line":0,"column":0}},"skip":true},"2":{"name":"get","line":0,"loc":{"start":{"line":0,"column":0},"end":{"line":0,"column":0}},"skip":true},"3":{"name":"_interopRequireDefault","line":0,"loc":{"start":{"line":0,"column":0},"end":{"line":0,"column":0}},"skip":true},"4":{"name":"(anonymous_4)","line":27,"loc":{"start":{"line":27,"column":28},"end":{"line":27,"column":69}}},"5":{"name":"(anonymous_5)","line":48,"loc":{"start":{"line":48,"column":29},"end":{"line":48,"column":70}}},"6":{"name":"(anonymous_6)","line":70,"loc":{"start":{"line":70,"column":25},"end":{"line":70,"column":66}}},"7":{"name":"(anonymous_7)","line":83,"loc":{"start":{"line":83,"column":26},"end":{"line":83,"column":67}}},"8":{"name":"(anonymous_8)","line":92,"loc":{"start":{"line":92,"column":24},"end":{"line":92,"column":65}}},"9":{"name":"getScriptDepGlobal","line":121,"loc":{"start":{"line":121,"column":0},"end":{"line":121,"column":37}}},"10":{"name":"getGraph","line":125,"loc":{"start":{"line":125,"column":0},"end":{"line":125,"column":27}}},"11":{"name":"(anonymous_11)","line":130,"loc":{"start":{"line":130,"column":28},"end":{"line":130,"column":69}}},"12":{"name":"(anonymous_12)","line":139,"loc":{"start":{"line":139,"column":19},"end":{"line":139,"column":30}}},"13":{"name":"(anonymous_13)","line":144,"loc":{"start":{"line":144,"column":54},"end":{"line":144,"column":62}}},"14":{"name":"renderScript","line":167,"loc":{"start":{"line":167,"column":0},"end":{"line":167,"column":33}}},"15":{"name":"renderModuleLoader","line":171,"loc":{"start":{"line":171,"column":0},"end":{"line":171,"column":39}}},"16":{"name":"(anonymous_16)","line":173,"loc":{"start":{"line":173,"column":29},"end":{"line":173,"column":35}}},"17":{"name":"renderReadyScript","line":178,"loc":{"start":{"line":178,"column":0},"end":{"line":178,"column":38}}},"18":{"name":"(anonymous_18)","line":181,"loc":{"start":{"line":181,"column":24},"end":{"line":181,"column":30}}}},"statementMap":{"1":{"start":{"line":0,"column":0},"end":{"line":0,"column":0},"skip":true},"2":{"start":{"line":0,"column":0},"end":{"line":0,"column":0},"skip":true},"3":{"start":{"line":192,"column":0},"end":{"line":null,"column":null}},"4":{"start":{"line":0,"column":0},"end":{"line":0,"column":0},"skip":true},"5":{"start":{"line":0,"column":0},"end":{"line":0,"column":0},"skip":true},"6":{"start":{"line":0,"column":0},"end":{"line":0,"column":0},"skip":true},"7":{"start":{"line":0,"column":0},"end":{"line":0,"column":0},"skip":true},"8":{"start":{"line":1,"column":0},"end":{"line":null,"column":null}},"9":{"start":{"line":0,"column":0},"end":{"line":0,"column":0},"skip":true},"10":{"start":{"line":2,"column":0},"end":{"line":null,"column":null}},"11":{"start":{"line":0,"column":0},"end":{"line":0,"column":0},"skip":true},"12":{"start":{"line":3,"column":0},"end":{"line":null,"column":null}},"13":{"start":{"line":0,"column":0},"end":{"line":0,"column":0},"skip":true},"14":{"start":{"line":0,"column":0},"end":{"line":0,"column":0},"skip":true},"15":{"start":{"line":0,"column":0},"end":{"line":0,"column":0},"skip":true},"16":{"start":{"line":5,"column":0},"end":{"line":null,"column":null}},"17":{"start":{"line":7,"column":0},"end":{"line":null,"column":null}},"18":{"start":{"line":8,"column":0},"end":{"line":null,"column":null}},"19":{"start":{"line":27,"column":0},"end":{"line":null,"column":null}},"20":{"start":{"line":28,"column":6},"end":{"line":27,"column":69}},"21":{"start":{"line":29,"column":6},"end":{"line":27,"column":69}},"22":{"start":{"line":30,"column":6},"end":{"line":27,"column":69}},"23":{"start":{"line":31,"column":7},"end":{"line":31,"column":2}},"24":{"start":{"line":32,"column":10},"end":{"line":31,"column":21}},"25":{"start":{"line":35,"column":10},"end":{"line":34,"column":9}},"26":{"start":{"line":38,"column":6},"end":{"line":27,"column":69}},"27":{"start":{"line":39,"column":7},"end":{"line":39,"column":2}},"28":{"start":{"line":40,"column":9},"end":{"line":39,"column":27}},"29":{"start":{"line":42,"column":11},"end":{"line":41,"column":9}},"30":{"start":{"line":45,"column":9},"end":{"line":27,"column":69}},"31":{"start":{"line":48,"column":0},"end":{"line":null,"column":null}},"32":{"start":{"line":49,"column":6},"end":{"line":48,"column":70}},"33":{"start":{"line":50,"column":6},"end":{"line":48,"column":70}},"34":{"start":{"line":51,"column":6},"end":{"line":48,"column":70}},"35":{"start":{"line":52,"column":6},"end":{"line":48,"column":70}},"36":{"start":{"line":53,"column":6},"end":{"line":48,"column":70}},"37":{"start":{"line":54,"column":7},"end":{"line":54,"column":2}},"38":{"start":{"line":55,"column":10},"end":{"line":54,"column":72}},"39":{"start":{"line":57,"column":6},"end":{"line":48,"column":70}},"40":{"start":{"line":58,"column":7},"end":{"line":58,"column":2}},"41":{"start":{"line":59,"column":9},"end":{"line":58,"column":18}},"42":{"start":{"line":61,"column":11},"end":{"line":48,"column":70}},"43":{"start":{"line":62,"column":8},"end":{"line":62,"column":2}},"44":{"start":{"line":63,"column":8},"end":{"line":62,"column":42}},"45":{"start":{"line":64,"column":16},"end":{"line":62,"column":42}},"46":{"start":{"line":65,"column":11},"end":{"line":62,"column":42}},"47":{"start":{"line":67,"column":9},"end":{"line":48,"column":70}},"48":{"start":{"line":70,"column":0},"end":{"line":null,"column":null}},"49":{"start":{"line":71,"column":7},"end":{"line":71,"column":2}},"50":{"start":{"line":72,"column":10},"end":{"line":71,"column":36}},"51":{"start":{"line":74,"column":6},"end":{"line":70,"column":66}},"52":{"start":{"line":75,"column":7},"end":{"line":75,"column":2}},"53":{"start":{"line":76,"column":10},"end":{"line":75,"column":17}},"54":{"start":{"line":79,"column":10},"end":{"line":70,"column":66}},"55":{"start":{"line":80,"column":9},"end":{"line":70,"column":66}},"56":{"start":{"line":83,"column":0},"end":{"line":null,"column":null}},"57":{"start":{"line":85,"column":6},"end":{"line":83,"column":67}},"58":{"start":{"line":86,"column":6},"end":{"line":83,"column":67}},"59":{"start":{"line":87,"column":12},"end":{"line":83,"column":67}},"60":{"start":{"line":88,"column":12},"end":{"line":83,"column":67}},"61":{"start":{"line":89,"column":9},"end":{"line":83,"column":67}},"62":{"start":{"line":92,"column":0},"end":{"line":null,"column":null}},"63":{"start":{"line":93,"column":6},"end":{"line":null,"column":null}},"64":{"start":{"line":95,"column":6},"end":{"line":92,"column":65}},"65":{"start":{"line":96,"column":12},"end":{"line":92,"column":65}},"66":{"start":{"line":97,"column":7},"end":{"line":97,"column":2}},"67":{"start":{"line":98,"column":14},"end":{"line":97,"column":38}},"68":{"start":{"line":100,"column":6},"end":{"line":92,"column":65}},"69":{"start":{"line":101,"column":12},"end":{"line":92,"column":65}},"70":{"start":{"line":102,"column":6},"end":{"line":92,"column":65}},"71":{"start":{"line":103,"column":6},"end":{"line":92,"column":65}},"72":{"start":{"line":104,"column":6},"end":{"line":92,"column":65}},"73":{"start":{"line":105,"column":6},"end":{"line":92,"column":65}},"74":{"start":{"line":107,"column":6},"end":{"line":92,"column":65}},"75":{"start":{"line":108,"column":7},"end":{"line":108,"column":2}},"76":{"start":{"line":109,"column":9},"end":{"line":108,"column":19}},"77":{"start":{"line":111,"column":7},"end":{"line":111,"column":2}},"78":{"start":{"line":112,"column":10},"end":{"line":112,"column":4}},"79":{"start":{"line":113,"column":10},"end":{"line":112,"column":44}},"80":{"start":{"line":114,"column":12},"end":{"line":112,"column":44}},"81":{"start":{"line":115,"column":18},"end":{"line":112,"column":44}},"82":{"start":{"line":116,"column":11},"end":{"line":112,"column":44}},"83":{"start":{"line":119,"column":9},"end":{"line":92,"column":65}},"84":{"start":{"line":121,"column":0},"end":{"line":121,"column":0}},"85":{"start":{"line":122,"column":6},"end":{"line":121,"column":37}},"86":{"start":{"line":123,"column":9},"end":{"line":121,"column":37}},"87":{"start":{"line":125,"column":0},"end":{"line":125,"column":0}},"88":{"start":{"line":126,"column":6},"end":{"line":125,"column":27}},"89":{"start":{"line":127,"column":6},"end":{"line":125,"column":27}},"90":{"start":{"line":128,"column":9},"end":{"line":125,"column":27}},"91":{"start":{"line":130,"column":0},"end":{"line":null,"column":null}},"92":{"start":{"line":131,"column":6},"end":{"line":130,"column":69}},"93":{"start":{"line":132,"column":6},"end":{"line":null,"column":null}},"94":{"start":{"line":134,"column":7},"end":{"line":134,"column":2}},"95":{"start":{"line":136,"column":13},"end":{"line":134,"column":68}},"96":{"start":{"line":138,"column":6},"end":{"line":null,"column":null}},"97":{"start":{"line":139,"column":9},"end":{"line":130,"column":69}},"98":{"start":{"line":141,"column":10},"end":{"line":139,"column":30}},"99":{"start":{"line":142,"column":10},"end":{"line":142,"column":4}},"100":{"start":{"line":144,"column":12},"end":{"line":142,"column":62}},"101":{"start":{"line":146,"column":14},"end":{"line":146,"column":8}},"102":{"start":{"line":148,"column":14},"end":{"line":null,"column":null}},"103":{"start":{"line":150,"column":15},"end":{"line":152,"column":17}},"104":{"start":{"line":151,"column":30},"end":{"line":150,"column":30}},"105":{"start":{"line":152,"column":17},"end":{"line":152,"column":17}},"106":{"start":{"line":153,"column":25},"end":{"line":152,"column":52}},"107":{"start":{"line":155,"column":31},"end":{"line":154,"column":17}},"108":{"start":{"line":162,"column":10},"end":{"line":139,"column":30}},"109":{"start":{"line":163,"column":11},"end":{"line":139,"column":30}},"110":{"start":{"line":167,"column":0},"end":{"line":167,"column":0}},"111":{"start":{"line":168,"column":8},"end":{"line":167,"column":33}},"112":{"start":{"line":171,"column":0},"end":{"line":171,"column":0}},"113":{"start":{"line":172,"column":8},"end":{"line":171,"column":39}},"114":{"start":{"line":173,"column":8},"end":{"line":171,"column":39}},"115":{"start":{"line":173,"column":43},"end":{"line":173,"column":35}},"116":{"start":{"line":174,"column":8},"end":{"line":171,"column":39}},"117":{"start":{"line":175,"column":8},"end":{"line":171,"column":39}},"118":{"start":{"line":178,"column":0},"end":{"line":178,"column":0}},"119":{"start":{"line":179,"column":8},"end":{"line":178,"column":38}},"120":{"start":{"line":180,"column":7},"end":{"line":180,"column":2}},"121":{"start":{"line":180,"column":33},"end":{"line":180,"column":26}},"122":{"start":{"line":181,"column":8},"end":{"line":178,"column":38}},"123":{"start":{"line":181,"column":38},"end":{"line":181,"column":30}},"124":{"start":{"line":182,"column":7},"end":{"line":182,"column":2}},"125":{"start":{"line":182,"column":32},"end":{"line":182,"column":25}},"126":{"start":{"line":183,"column":8},"end":{"line":178,"column":38}},"127":{"start":{"line":184,"column":7},"end":{"line":184,"column":2}},"128":{"start":{"line":185,"column":17},"end":{"line":184,"column":37}},"129":{"start":{"line":187,"column":23},"end":{"line":186,"column":9}},"130":{"start":{"line":189,"column":8},"end":{"line":178,"column":38}}},"branchMap":{"1":{"line":0,"type":"if","locations":[{"start":{"line":0,"column":0},"end":{"line":0,"column":0},"skip":true},{"start":{"line":0,"column":0},"end":{"line":0,"column":0},"skip":true}]},"2":{"line":0,"type":"cond-expr","locations":[{"start":{"line":0,"column":0},"end":{"line":0,"column":0},"skip":true},{"start":{"line":0,"column":0},"end":{"line":0,"column":0},"skip":true}]},"3":{"line":0,"type":"binary-expr","locations":[{"start":{"line":0,"column":0},"end":{"line":0,"column":0},"skip":true},{"start":{"line":0,"column":0},"end":{"line":0,"column":0},"skip":true}]},"4":{"line":31,"type":"if","locations":[{"start":{"line":31,"column":7},"end":{"line":31,"column":7}},{"start":{"line":31,"column":7},"end":{"line":31,"column":7}}]},"5":{"line":38,"type":"binary-expr","locations":[{"start":{"line":38,"column":29},"end":{"line":38,"column":46}},{"start":{"line":38,"column":46},"end":{"line":38,"column":29}}]},"6":{"line":39,"type":"if","locations":[{"start":{"line":39,"column":7},"end":{"line":39,"column":7}},{"start":{"line":39,"column":7},"end":{"line":39,"column":7}}]},"7":{"line":54,"type":"if","locations":[{"start":{"line":54,"column":7},"end":{"line":54,"column":7}},{"start":{"line":54,"column":7},"end":{"line":54,"column":7}}]},"8":{"line":54,"type":"binary-expr","locations":[{"start":{"line":54,"column":7},"end":{"line":54,"column":7}},{"start":{"line":54,"column":18},"end":{"line":54,"column":18}}]},"9":{"line":54,"type":"binary-expr","locations":[{"start":{"line":54,"column":20},"end":{"line":54,"column":33}},{"start":{"line":54,"column":33},"end":{"line":54,"column":33}}]},"10":{"line":58,"type":"if","locations":[{"start":{"line":58,"column":7},"end":{"line":58,"column":7}},{"start":{"line":58,"column":7},"end":{"line":58,"column":7}}]},"11":{"line":61,"type":"binary-expr","locations":[{"start":{"line":61,"column":27},"end":{"line":61,"column":44}},{"start":{"line":61,"column":44},"end":{"line":61,"column":27}}]},"12":{"line":64,"type":"binary-expr","locations":[{"start":{"line":64,"column":35},"end":{"line":64,"column":55}},{"start":{"line":64,"column":55},"end":{"line":64,"column":35}}]},"13":{"line":71,"type":"if","locations":[{"start":{"line":71,"column":7},"end":{"line":71,"column":7}},{"start":{"line":71,"column":7},"end":{"line":71,"column":7}}]},"14":{"line":75,"type":"if","locations":[{"start":{"line":75,"column":7},"end":{"line":75,"column":7}},{"start":{"line":75,"column":7},"end":{"line":75,"column":7}}]},"15":{"line":87,"type":"binary-expr","locations":[{"start":{"line":87,"column":27},"end":{"line":87,"column":27}},{"start":{"line":87,"column":53},"end":{"line":87,"column":27}}]},"16":{"line":96,"type":"binary-expr","locations":[{"start":{"line":96,"column":27},"end":{"line":96,"column":27}},{"start":{"line":96,"column":53},"end":{"line":96,"column":27}}]},"17":{"line":97,"type":"if","locations":[{"start":{"line":97,"column":7},"end":{"line":97,"column":7}},{"start":{"line":97,"column":7},"end":{"line":97,"column":7}}]},"18":{"line":105,"type":"binary-expr","locations":[{"start":{"line":105,"column":31},"end":{"line":105,"column":50}},{"start":{"line":105,"column":50},"end":{"line":105,"column":31}}]},"19":{"line":108,"type":"if","locations":[{"start":{"line":108,"column":7},"end":{"line":108,"column":7}},{"start":{"line":108,"column":7},"end":{"line":108,"column":7}}]},"20":{"line":111,"type":"if","locations":[{"start":{"line":111,"column":7},"end":{"line":111,"column":7}},{"start":{"line":111,"column":7},"end":{"line":111,"column":7}}]},"21":{"line":115,"type":"binary-expr","locations":[{"start":{"line":115,"column":37},"end":{"line":115,"column":57}},{"start":{"line":115,"column":57},"end":{"line":115,"column":37}}]},"22":{"line":122,"type":"binary-expr","locations":[{"start":{"line":122,"column":43},"end":{"line":122,"column":72}},{"start":{"line":122,"column":72},"end":{"line":122,"column":43}}]},"23":{"line":127,"type":"binary-expr","locations":[{"start":{"line":127,"column":29},"end":{"line":127,"column":29}},{"start":{"line":127,"column":45},"end":{"line":127,"column":29}}]},"24":{"line":134,"type":"if","locations":[{"start":{"line":134,"column":7},"end":{"line":134,"column":7}},{"start":{"line":134,"column":7},"end":{"line":134,"column":7}}]},"25":{"line":134,"type":"binary-expr","locations":[{"start":{"line":134,"column":9},"end":{"line":134,"column":9}},{"start":{"line":134,"column":35},"end":{"line":134,"column":35}}]},"26":{"line":150,"type":"if","locations":[{"start":{"line":150,"column":15},"end":{"line":150,"column":15}},{"start":{"line":150,"column":15},"end":{"line":150,"column":15}}]},"27":{"line":152,"type":"if","locations":[{"start":{"line":152,"column":17},"end":{"line":152,"column":17}},{"start":{"line":152,"column":17},"end":{"line":152,"column":17}}]},"28":{"line":180,"type":"if","locations":[{"start":{"line":180,"column":7},"end":{"line":180,"column":7}},{"start":{"line":180,"column":7},"end":{"line":180,"column":7}}]},"29":{"line":182,"type":"if","locations":[{"start":{"line":182,"column":7},"end":{"line":182,"column":7}},{"start":{"line":182,"column":7},"end":{"line":182,"column":7}}]},"30":{"line":184,"type":"if","locations":[{"start":{"line":184,"column":7},"end":{"line":184,"column":7}},{"start":{"line":184,"column":7},"end":{"line":184,"column":7}}]}}},"/Users/shekhei/Development/git/dust-scriptjs-helper/src/graph.js":{"path":"/Users/shekhei/Development/git/dust-scriptjs-helper/src/graph.js","s":{"1":1,"2":1,"3":1,"4":1,"5":3,"6":3,"7":3,"8":3,"9":2,"10":3,"11":1,"12":1,"13":1,"14":1,"15":0,"16":1,"17":1,"18":1,"19":1,"20":1,"21":1,"22":2,"23":1,"24":36,"25":0,"26":1,"27":1,"28":1,"29":36,"30":36,"31":36,"32":36,"33":36,"34":1,"35":25,"36":25,"37":18,"38":18,"39":0,"40":18,"41":18,"42":7,"43":18,"44":0,"45":18,"46":18,"47":18,"48":18,"49":36,"50":36,"51":36,"52":36,"53":36,"54":26,"55":26,"56":26,"57":18,"58":18,"59":18,"60":36,"61":18,"62":137,"63":1,"64":1},"b":{"1":[3,3],"2":[2,1],"3":[1,0],"4":[0,1],"5":[1,1],"6":[2,2],"7":[0,36],"8":[0,18],"9":[18,5],"10":[7,11],"11":[0,18],"12":[18,8]},"f":{"1":1,"2":1,"3":1,"4":2,"5":36,"6":1,"7":36,"8":25,"9":18,"10":137},"fnMap":{"1":{"name":"(anonymous_1)","line":0,"loc":{"start":{"line":0,"column":0},"end":{"line":0,"column":0}},"skip":true},"2":{"name":"defineProperties","line":0,"loc":{"start":{"line":0,"column":0},"end":{"line":0,"column":0}},"skip":true},"3":{"name":"(anonymous_3)","line":0,"loc":{"start":{"line":0,"column":0},"end":{"line":0,"column":0}},"skip":true},"4":{"name":"_interopRequireDefault","line":0,"loc":{"start":{"line":0,"column":0},"end":{"line":0,"column":0}},"skip":true},"5":{"name":"_classCallCheck","line":0,"loc":{"start":{"line":0,"column":0},"end":{"line":0,"column":0}},"skip":true},"6":{"name":"(anonymous_6)","line":0,"loc":{"start":{"line":0,"column":0},"end":{"line":0,"column":0}},"skip":true},"7":{"name":"DepGraphNode","line":5,"loc":{"start":{"line":5,"column":21},"end":{"line":13,"column":24}}},"8":{"name":"addOut","line":21,"loc":{"start":{"line":21,"column":9},"end":{"line":21,"column":15}}},"9":{"name":"breadth","line":28,"loc":{"start":{"line":28,"column":10},"end":{"line":28,"column":34}}},"10":{"name":"get","line":25,"loc":{"start":{"line":25,"column":11},"end":{"line":25,"column":11}}}},"statementMap":{"1":{"start":{"line":0,"column":0},"end":{"line":0,"column":0},"skip":true},"2":{"start":{"line":0,"column":0},"end":{"line":0,"column":0},"skip":true},"3":{"start":{"line":0,"column":0},"end":{"line":0,"column":0},"skip":true},"4":{"start":{"line":0,"column":0},"end":{"line":0,"column":0},"skip":true},"5":{"start":{"line":0,"column":0},"end":{"line":0,"column":0},"skip":true},"6":{"start":{"line":0,"column":0},"end":{"line":0,"column":0},"skip":true},"7":{"start":{"line":0,"column":0},"end":{"line":0,"column":0},"skip":true},"8":{"start":{"line":0,"column":0},"end":{"line":0,"column":0},"skip":true},"9":{"start":{"line":0,"column":0},"end":{"line":0,"column":0},"skip":true},"10":{"start":{"line":0,"column":0},"end":{"line":0,"column":0},"skip":true},"11":{"start":{"line":0,"column":0},"end":{"line":0,"column":0},"skip":true},"12":{"start":{"line":0,"column":0},"end":{"line":0,"column":0},"skip":true},"13":{"start":{"line":0,"column":0},"end":{"line":0,"column":0},"skip":true},"14":{"start":{"line":0,"column":0},"end":{"line":0,"column":0},"skip":true},"15":{"start":{"line":0,"column":0},"end":{"line":0,"column":0},"skip":true},"16":{"start":{"line":0,"column":0},"end":{"line":0,"column":0},"skip":true},"17":{"start":{"line":1,"column":0},"end":{"line":null,"column":null}},"18":{"start":{"line":0,"column":0},"end":{"line":0,"column":0},"skip":true},"19":{"start":{"line":2,"column":0},"end":{"line":null,"column":null}},"20":{"start":{"line":0,"column":0},"end":{"line":0,"column":0},"skip":true},"21":{"start":{"line":0,"column":0},"end":{"line":0,"column":0},"skip":true},"22":{"start":{"line":0,"column":0},"end":{"line":0,"column":0},"skip":true},"23":{"start":{"line":0,"column":0},"end":{"line":0,"column":0},"skip":true},"24":{"start":{"line":0,"column":0},"end":{"line":0,"column":0},"skip":true},"25":{"start":{"line":0,"column":0},"end":{"line":0,"column":0},"skip":true},"26":{"start":{"line":4,"column":0},"end":{"line":null,"column":null}},"27":{"start":{"line":5,"column":21},"end":{"line":null,"column":null}},"28":{"start":{"line":5,"column":21},"end":{"line":13,"column":2}},"29":{"start":{"line":5,"column":21},"end":{"line":13,"column":24}},"30":{"start":{"line":15,"column":9},"end":{"line":null,"column":null}},"31":{"start":{"line":17,"column":4},"end":{"line":13,"column":24}},"32":{"start":{"line":18,"column":9},"end":{"line":13,"column":24}},"33":{"start":{"line":19,"column":9},"end":{"line":13,"column":24}},"34":{"start":{"line":5,"column":21},"end":{"line":null,"column":null}},"35":{"start":{"line":22,"column":9},"end":{"line":21,"column":15}},"36":{"start":{"line":23,"column":9},"end":{"line":21,"column":15}},"37":{"start":{"line":29,"column":10},"end":{"line":28,"column":34}},"38":{"start":{"line":30,"column":9},"end":{"line":30,"column":4}},"39":{"start":{"line":31,"column":12},"end":{"line":30,"column":52}},"40":{"start":{"line":33,"column":8},"end":{"line":28,"column":34}},"41":{"start":{"line":34,"column":9},"end":{"line":34,"column":4}},"42":{"start":{"line":35,"column":16},"end":{"line":null,"column":null}},"43":{"start":{"line":37,"column":9},"end":{"line":37,"column":4}},"44":{"start":{"line":37,"column":38},"end":{"line":37,"column":38}},"45":{"start":{"line":40,"column":12},"end":{"line":28,"column":34}},"46":{"start":{"line":41,"column":10},"end":{"line":28,"column":34}},"47":{"start":{"line":42,"column":8},"end":{"line":null,"column":null}},"48":{"start":{"line":43,"column":12},"end":{"line":43,"column":4}},"49":{"start":{"line":44,"column":10},"end":{"line":43,"column":31}},"50":{"start":{"line":45,"column":12},"end":{"line":null,"column":null}},"51":{"start":{"line":48,"column":10},"end":{"line":43,"column":31}},"52":{"start":{"line":49,"column":10},"end":{"line":null,"column":null}},"53":{"start":{"line":51,"column":12},"end":{"line":51,"column":6}},"54":{"start":{"line":52,"column":12},"end":{"line":51,"column":50}},"55":{"start":{"line":53,"column":13},"end":{"line":51,"column":50}},"56":{"start":{"line":54,"column":13},"end":{"line":54,"column":8}},"57":{"start":{"line":55,"column":18},"end":{"line":54,"column":42}},"58":{"start":{"line":56,"column":16},"end":{"line":54,"column":42}},"59":{"start":{"line":57,"column":16},"end":{"line":54,"column":42}},"60":{"start":{"line":60,"column":11},"end":{"line":43,"column":31}},"61":{"start":{"line":62,"column":7},"end":{"line":28,"column":34}},"62":{"start":{"line":26,"column":11},"end":{"line":25,"column":11}},"63":{"start":{"line":5,"column":21},"end":{"line":null,"column":null}},"64":{"start":{"line":0,"column":0},"end":{"line":0,"column":0},"skip":true}},"branchMap":{"1":{"line":0,"type":"binary-expr","locations":[{"start":{"line":0,"column":0},"end":{"line":0,"column":0},"skip":true},{"start":{"line":0,"column":0},"end":{"line":0,"column":0},"skip":true}]},"2":{"line":0,"type":"if","locations":[{"start":{"line":0,"column":0},"end":{"line":0,"column":0},"skip":true},{"start":{"line":0,"column":0},"end":{"line":0,"column":0},"skip":true}]},"3":{"line":0,"type":"if","locations":[{"start":{"line":0,"column":0},"end":{"line":0,"column":0},"skip":true},{"start":{"line":0,"column":0},"end":{"line":0,"column":0},"skip":true}]},"4":{"line":0,"type":"if","locations":[{"start":{"line":0,"column":0},"end":{"line":0,"column":0},"skip":true},{"start":{"line":0,"column":0},"end":{"line":0,"column":0},"skip":true}]},"5":{"line":0,"type":"cond-expr","locations":[{"start":{"line":0,"column":0},"end":{"line":0,"column":0},"skip":true},{"start":{"line":0,"column":0},"end":{"line":0,"column":0},"skip":true}]},"6":{"line":0,"type":"binary-expr","locations":[{"start":{"line":0,"column":0},"end":{"line":0,"column":0},"skip":true},{"start":{"line":0,"column":0},"end":{"line":0,"column":0},"skip":true}]},"7":{"line":0,"type":"if","locations":[{"start":{"line":0,"column":0},"end":{"line":0,"column":0},"skip":true},{"start":{"line":0,"column":0},"end":{"line":0,"column":0},"skip":true}]},"8":{"line":30,"type":"if","locations":[{"start":{"line":30,"column":9},"end":{"line":30,"column":9}},{"start":{"line":30,"column":9},"end":{"line":30,"column":9}}]},"9":{"line":30,"type":"binary-expr","locations":[{"start":{"line":30,"column":9},"end":{"line":30,"column":9}},{"start":{"line":30,"column":32},"end":{"line":30,"column":32}}]},"10":{"line":34,"type":"if","locations":[{"start":{"line":34,"column":9},"end":{"line":34,"column":9}},{"start":{"line":34,"column":9},"end":{"line":34,"column":9}}]},"11":{"line":37,"type":"if","locations":[{"start":{"line":37,"column":9},"end":{"line":37,"column":9}},{"start":{"line":37,"column":9},"end":{"line":37,"column":9}}]},"12":{"line":54,"type":"if","locations":[{"start":{"line":54,"column":13},"end":{"line":54,"column":13}},{"start":{"line":54,"column":13},"end":{"line":54,"column":13}}]}}},"/Users/shekhei/Development/git/dust-scriptjs-helper/src/queue.js":{"path":"/Users/shekhei/Development/git/dust-scriptjs-helper/src/queue.js","s":{"1":1,"2":1,"3":1,"4":1,"5":4,"6":4,"7":4,"8":4,"9":3,"10":4,"11":1,"12":1,"13":1,"14":1,"15":0,"16":1,"17":1,"18":1,"19":1,"20":1,"21":1,"22":22,"23":0,"24":1,"25":1,"26":1,"27":22,"28":22,"29":22,"30":22,"31":22,"32":22,"33":22,"34":22,"35":1,"36":67,"37":67,"38":0,"39":0,"40":0,"41":67,"42":67,"43":67,"44":4,"45":4,"46":4,"47":67,"48":67,"49":67,"50":9,"51":67,"52":67,"53":0,"54":67,"55":67,"56":67,"57":67,"58":67,"59":42,"60":42,"61":42,"62":25,"63":9,"64":25,"65":25,"66":61,"67":89,"68":1,"69":1},"b":{"1":[4,4],"2":[3,1],"3":[1,0],"4":[0,1],"5":[0,1],"6":[1,1],"7":[0,22],"8":[22,0],"9":[0,67],"10":[4,63],"11":[9,58],"12":[0,67],"13":[42,25],"14":[9,16]},"f":{"1":1,"2":1,"3":1,"4":1,"5":22,"6":1,"7":22,"8":67,"9":67,"10":61,"11":89},"fnMap":{"1":{"name":"(anonymous_1)","line":0,"loc":{"start":{"line":0,"column":0},"end":{"line":0,"column":0}},"skip":true},"2":{"name":"defineProperties","line":0,"loc":{"start":{"line":0,"column":0},"end":{"line":0,"column":0}},"skip":true},"3":{"name":"(anonymous_3)","line":0,"loc":{"start":{"line":0,"column":0},"end":{"line":0,"column":0}},"skip":true},"4":{"name":"_interopRequireDefault","line":0,"loc":{"start":{"line":0,"column":0},"end":{"line":0,"column":0}},"skip":true},"5":{"name":"_classCallCheck","line":0,"loc":{"start":{"line":0,"column":0},"end":{"line":0,"column":0}},"skip":true},"6":{"name":"(anonymous_6)","line":0,"loc":{"start":{"line":0,"column":0},"end":{"line":0,"column":0}},"skip":true},"7":{"name":"Queue","line":5,"loc":{"start":{"line":5,"column":21},"end":{"line":6,"column":20}}},"8":{"name":"enqueue","line":16,"loc":{"start":{"line":16,"column":10},"end":{"line":16,"column":14}}},"9":{"name":"dequeue","line":39,"loc":{"start":{"line":39,"column":12},"end":{"line":39,"column":12}}},"10":{"name":"isEmpty","line":59,"loc":{"start":{"line":59,"column":12},"end":{"line":59,"column":12}}},"11":{"name":"get","line":62,"loc":{"start":{"line":62,"column":15},"end":{"line":62,"column":15}}}},"statementMap":{"1":{"start":{"line":0,"column":0},"end":{"line":0,"column":0},"skip":true},"2":{"start":{"line":0,"column":0},"end":{"line":0,"column":0},"skip":true},"3":{"start":{"line":0,"column":0},"end":{"line":0,"column":0},"skip":true},"4":{"start":{"line":0,"column":0},"end":{"line":0,"column":0},"skip":true},"5":{"start":{"line":0,"column":0},"end":{"line":0,"column":0},"skip":true},"6":{"start":{"line":0,"column":0},"end":{"line":0,"column":0},"skip":true},"7":{"start":{"line":0,"column":0},"end":{"line":0,"column":0},"skip":true},"8":{"start":{"line":0,"column":0},"end":{"line":0,"column":0},"skip":true},"9":{"start":{"line":0,"column":0},"end":{"line":0,"column":0},"skip":true},"10":{"start":{"line":0,"column":0},"end":{"line":0,"column":0},"skip":true},"11":{"start":{"line":0,"column":0},"end":{"line":0,"column":0},"skip":true},"12":{"start":{"line":0,"column":0},"end":{"line":0,"column":0},"skip":true},"13":{"start":{"line":0,"column":0},"end":{"line":0,"column":0},"skip":true},"14":{"start":{"line":0,"column":0},"end":{"line":0,"column":0},"skip":true},"15":{"start":{"line":0,"column":0},"end":{"line":0,"column":0},"skip":true},"16":{"start":{"line":0,"column":0},"end":{"line":0,"column":0},"skip":true},"17":{"start":{"line":1,"column":0},"end":{"line":null,"column":null}},"18":{"start":{"line":0,"column":0},"end":{"line":0,"column":0},"skip":true},"19":{"start":{"line":0,"column":0},"end":{"line":0,"column":0},"skip":true},"20":{"start":{"line":0,"column":0},"end":{"line":0,"column":0},"skip":true},"21":{"start":{"line":0,"column":0},"end":{"line":0,"column":0},"skip":true},"22":{"start":{"line":0,"column":0},"end":{"line":0,"column":0},"skip":true},"23":{"start":{"line":0,"column":0},"end":{"line":0,"column":0},"skip":true},"24":{"start":{"line":3,"column":0},"end":{"line":null,"column":null}},"25":{"start":{"line":5,"column":21},"end":{"line":null,"column":null}},"26":{"start":{"line":5,"column":21},"end":{"line":6,"column":2}},"27":{"start":{"line":5,"column":21},"end":{"line":6,"column":20}},"28":{"start":{"line":7,"column":9},"end":{"line":7,"column":4}},"29":{"start":{"line":8,"column":13},"end":{"line":7,"column":30}},"30":{"start":{"line":10,"column":9},"end":{"line":6,"column":20}},"31":{"start":{"line":11,"column":9},"end":{"line":6,"column":20}},"32":{"start":{"line":12,"column":9},"end":{"line":6,"column":20}},"33":{"start":{"line":13,"column":9},"end":{"line":6,"column":20}},"34":{"start":{"line":14,"column":9},"end":{"line":6,"column":20}},"35":{"start":{"line":5,"column":21},"end":{"line":null,"column":null}},"36":{"start":{"line":17,"column":10},"end":{"line":16,"column":14}},"37":{"start":{"line":18,"column":9},"end":{"line":18,"column":4}},"38":{"start":{"line":19,"column":12},"end":{"line":19,"column":6}},"39":{"start":{"line":20,"column":13},"end":{"line":19,"column":44}},"40":{"start":{"line":0,"column":0},"end":{"line":0,"column":0},"skip":true},"41":{"start":{"line":25,"column":9},"end":{"line":16,"column":14}},"42":{"start":{"line":26,"column":10},"end":{"line":16,"column":14}},"43":{"start":{"line":27,"column":9},"end":{"line":27,"column":4}},"44":{"start":{"line":28,"column":12},"end":{"line":27,"column":44}},"45":{"start":{"line":29,"column":11},"end":{"line":27,"column":44}},"46":{"start":{"line":30,"column":12},"end":{"line":27,"column":44}},"47":{"start":{"line":32,"column":9},"end":{"line":16,"column":14}},"48":{"start":{"line":33,"column":9},"end":{"line":16,"column":14}},"49":{"start":{"line":34,"column":9},"end":{"line":34,"column":4}},"50":{"start":{"line":35,"column":11},"end":{"line":34,"column":40}},"51":{"start":{"line":37,"column":10},"end":{"line":16,"column":14}},"52":{"start":{"line":40,"column":9},"end":{"line":40,"column":4}},"53":{"start":{"line":41,"column":13},"end":{"line":40,"column":30}},"54":{"start":{"line":43,"column":8},"end":{"line":39,"column":12}},"55":{"start":{"line":44,"column":9},"end":{"line":39,"column":12}},"56":{"start":{"line":45,"column":10},"end":{"line":39,"column":12}},"57":{"start":{"line":46,"column":9},"end":{"line":39,"column":12}},"58":{"start":{"line":47,"column":9},"end":{"line":47,"column":4}},"59":{"start":{"line":48,"column":11},"end":{"line":47,"column":35}},"60":{"start":{"line":49,"column":12},"end":{"line":47,"column":35}},"61":{"start":{"line":50,"column":13},"end":{"line":47,"column":35}},"62":{"start":{"line":52,"column":9},"end":{"line":52,"column":4}},"63":{"start":{"line":53,"column":11},"end":{"line":52,"column":42}},"64":{"start":{"line":56,"column":4},"end":{"line":39,"column":12}},"65":{"start":{"line":57,"column":11},"end":{"line":39,"column":12}},"66":{"start":{"line":60,"column":11},"end":{"line":59,"column":12}},"67":{"start":{"line":63,"column":11},"end":{"line":62,"column":15}},"68":{"start":{"line":5,"column":21},"end":{"line":null,"column":null}},"69":{"start":{"line":0,"column":0},"end":{"line":0,"column":0},"skip":true}},"branchMap":{"1":{"line":0,"type":"binary-expr","locations":[{"start":{"line":0,"column":0},"end":{"line":0,"column":0},"skip":true},{"start":{"line":0,"column":0},"end":{"line":0,"column":0},"skip":true}]},"2":{"line":0,"type":"if","locations":[{"start":{"line":0,"column":0},"end":{"line":0,"column":0},"skip":true},{"start":{"line":0,"column":0},"end":{"line":0,"column":0},"skip":true}]},"3":{"line":0,"type":"if","locations":[{"start":{"line":0,"column":0},"end":{"line":0,"column":0},"skip":true},{"start":{"line":0,"column":0},"end":{"line":0,"column":0},"skip":true}]},"4":{"line":0,"type":"if","locations":[{"start":{"line":0,"column":0},"end":{"line":0,"column":0},"skip":true},{"start":{"line":0,"column":0},"end":{"line":0,"column":0},"skip":true}]},"5":{"line":0,"type":"cond-expr","locations":[{"start":{"line":0,"column":0},"end":{"line":0,"column":0},"skip":true},{"start":{"line":0,"column":0},"end":{"line":0,"column":0},"skip":true}]},"6":{"line":0,"type":"binary-expr","locations":[{"start":{"line":0,"column":0},"end":{"line":0,"column":0},"skip":true},{"start":{"line":0,"column":0},"end":{"line":0,"column":0},"skip":true}]},"7":{"line":0,"type":"if","locations":[{"start":{"line":0,"column":0},"end":{"line":0,"column":0},"skip":true},{"start":{"line":0,"column":0},"end":{"line":0,"column":0},"skip":true}]},"8":{"line":7,"type":"if","locations":[{"start":{"line":7,"column":9},"end":{"line":7,"column":9}},{"start":{"line":7,"column":9},"end":{"line":7,"column":9}}]},"9":{"line":18,"type":"if","locations":[{"start":{"line":18,"column":9},"end":{"line":18,"column":9}},{"start":{"line":18,"column":9},"end":{"line":18,"column":9}}]},"10":{"line":27,"type":"if","locations":[{"start":{"line":27,"column":9},"end":{"line":27,"column":9}},{"start":{"line":27,"column":9},"end":{"line":27,"column":9}}]},"11":{"line":34,"type":"if","locations":[{"start":{"line":34,"column":9},"end":{"line":34,"column":9}},{"start":{"line":34,"column":9},"end":{"line":34,"column":9}}]},"12":{"line":40,"type":"if","locations":[{"start":{"line":40,"column":9},"end":{"line":40,"column":9}},{"start":{"line":40,"column":9},"end":{"line":40,"column":9}}]},"13":{"line":47,"type":"if","locations":[{"start":{"line":47,"column":9},"end":{"line":47,"column":9}},{"start":{"line":47,"column":9},"end":{"line":47,"column":9}}]},"14":{"line":52,"type":"if","locations":[{"start":{"line":52,"column":9},"end":{"line":52,"column":9}},{"start":{"line":52,"column":9},"end":{"line":52,"column":9}}]}}}}