TN:
SF:/Users/shekhei/Development/git/dust-scriptjs-helper/src/index.js
FN:27,(anonymous_4)
FN:48,(anonymous_5)
FN:70,(anonymous_6)
FN:83,(anonymous_7)
FN:92,(anonymous_8)
FN:121,getScriptDepGlobal
FN:125,getGraph
FN:130,(anonymous_11)
FN:139,(anonymous_12)
FN:144,(anonymous_13)
FN:167,renderScript
FN:171,renderModuleLoader
FN:173,(anonymous_16)
FN:178,renderReadyScript
FN:181,(anonymous_18)
FNF:15
FNH:15
FNDA:19,(anonymous_4)
FNDA:5,(anonymous_5)
FNDA:10,(anonymous_6)
FNDA:5,(anonymous_7)
FNDA:4,(anonymous_8)
FNDA:57,getScriptDepGlobal
FNDA:38,getGraph
FNDA:10,(anonymous_11)
FNDA:8,(anonymous_12)
FNDA:9,(anonymous_13)
FNDA:4,renderScript
FNDA:13,renderModuleLoader
FNDA:13,(anonymous_16)
FNDA:7,renderReadyScript
FNDA:9,(anonymous_18)
DA:1,1
DA:2,1
DA:3,1
DA:5,1
DA:7,1
DA:8,1
DA:27,1
DA:28,19
DA:29,19
DA:30,19
DA:31,19
DA:32,0
DA:35,19
DA:38,19
DA:39,19
DA:40,0
DA:42,19
DA:45,19
DA:48,1
DA:49,5
DA:50,5
DA:51,5
DA:52,5
DA:53,5
DA:54,5
DA:55,0
DA:57,5
DA:58,5
DA:59,0
DA:61,5
DA:62,5
DA:63,9
DA:64,9
DA:65,9
DA:67,5
DA:70,1
DA:71,10
DA:72,0
DA:74,10
DA:75,10
DA:76,0
DA:79,10
DA:80,10
DA:83,1
DA:85,5
DA:86,5
DA:87,5
DA:88,5
DA:89,5
DA:92,1
DA:93,4
DA:95,4
DA:96,4
DA:97,4
DA:98,4
DA:100,4
DA:101,4
DA:102,4
DA:103,4
DA:104,4
DA:105,4
DA:107,4
DA:108,4
DA:109,3
DA:111,4
DA:112,4
DA:113,4
DA:114,4
DA:115,4
DA:116,4
DA:119,4
DA:121,1
DA:122,57
DA:123,57
DA:125,1
DA:126,38
DA:127,38
DA:128,38
DA:130,1
DA:131,10
DA:132,10
DA:134,10
DA:136,2
DA:138,8
DA:139,8
DA:141,8
DA:142,8
DA:144,9
DA:146,9
DA:148,17
DA:150,17
DA:151,7
DA:152,10
DA:153,0
DA:155,10
DA:162,8
DA:163,8
DA:167,1
DA:168,4
DA:171,1
DA:172,13
DA:173,13
DA:174,13
DA:175,13
DA:178,1
DA:179,7
DA:180,7
DA:181,9
DA:182,7
DA:183,7
DA:184,7
DA:185,4
DA:187,3
DA:189,7
DA:192,1
LF:115
LH:108
BRDA:31,4,0,0
BRDA:31,4,1,19
BRDA:38,5,0,19
BRDA:38,5,1,19
BRDA:39,6,0,0
BRDA:39,6,1,19
BRDA:54,7,0,0
BRDA:54,7,1,5
BRDA:54,8,0,5
BRDA:54,8,1,5
BRDA:54,9,0,5
BRDA:54,9,1,5
BRDA:58,10,0,0
BRDA:58,10,1,5
BRDA:61,11,0,5
BRDA:61,11,1,0
BRDA:64,12,0,9
BRDA:64,12,1,0
BRDA:71,13,0,0
BRDA:71,13,1,10
BRDA:75,14,0,0
BRDA:75,14,1,10
BRDA:87,15,0,5
BRDA:87,15,1,5
BRDA:96,16,0,4
BRDA:96,16,1,3
BRDA:97,17,0,4
BRDA:97,17,1,0
BRDA:105,18,0,4
BRDA:105,18,1,4
BRDA:108,19,0,3
BRDA:108,19,1,1
BRDA:111,20,0,4
BRDA:111,20,1,0
BRDA:115,21,0,4
BRDA:115,21,1,0
BRDA:122,22,0,57
BRDA:122,22,1,10
BRDA:127,23,0,38
BRDA:127,23,1,10
BRDA:134,24,0,2
BRDA:134,24,1,8
BRDA:134,25,0,10
BRDA:134,25,1,8
BRDA:150,26,0,7
BRDA:150,26,1,10
BRDA:152,27,0,0
BRDA:152,27,1,10
BRDA:180,28,0,2
BRDA:180,28,1,5
BRDA:182,29,0,2
BRDA:182,29,1,5
BRDA:184,30,0,4
BRDA:184,30,1,3
BRF:54
BRH:42
end_of_record
TN:
SF:/Users/shekhei/Development/git/dust-scriptjs-helper/src/graph.js
FN:5,DepGraphNode
FN:21,addOut
FN:28,breadth
FN:25,get
FNF:4
FNH:4
FNDA:36,DepGraphNode
FNDA:25,addOut
FNDA:18,breadth
FNDA:137,get
DA:1,1
DA:2,1
DA:4,1
DA:5,36
DA:15,36
DA:17,36
DA:18,36
DA:19,36
DA:22,25
DA:23,25
DA:26,137
DA:29,18
DA:30,18
DA:31,0
DA:33,18
DA:34,18
DA:35,7
DA:37,18
DA:40,18
DA:41,18
DA:42,18
DA:43,18
DA:44,36
DA:45,36
DA:48,36
DA:49,36
DA:51,36
DA:52,26
DA:53,26
DA:54,26
DA:55,18
DA:56,18
DA:57,18
DA:60,36
DA:62,18
LF:35
LH:34
BRDA:30,8,0,0
BRDA:30,8,1,18
BRDA:30,9,0,18
BRDA:30,9,1,5
BRDA:34,10,0,7
BRDA:34,10,1,11
BRDA:37,11,0,0
BRDA:37,11,1,18
BRDA:54,12,0,18
BRDA:54,12,1,8
BRF:10
BRH:8
end_of_record
TN:
SF:/Users/shekhei/Development/git/dust-scriptjs-helper/src/queue.js
FN:5,Queue
FN:16,enqueue
FN:39,dequeue
FN:59,isEmpty
FN:62,get
FNF:5
FNH:5
FNDA:22,Queue
FNDA:67,enqueue
FNDA:67,dequeue
FNDA:61,isEmpty
FNDA:89,get
DA:1,1
DA:3,1
DA:5,22
DA:7,22
DA:8,22
DA:10,22
DA:11,22
DA:12,22
DA:13,22
DA:14,22
DA:17,67
DA:18,67
DA:19,0
DA:20,0
DA:25,67
DA:26,67
DA:27,67
DA:28,4
DA:29,4
DA:30,4
DA:32,67
DA:33,67
DA:34,67
DA:35,9
DA:37,67
DA:40,67
DA:41,0
DA:43,67
DA:44,67
DA:45,67
DA:46,67
DA:47,67
DA:48,42
DA:49,42
DA:50,42
DA:52,25
DA:53,9
DA:56,25
DA:57,25
DA:60,61
DA:63,89
LF:41
LH:38
BRDA:7,8,0,22
BRDA:7,8,1,0
BRDA:18,9,0,0
BRDA:18,9,1,67
BRDA:27,10,0,4
BRDA:27,10,1,63
BRDA:34,11,0,9
BRDA:34,11,1,58
BRDA:40,12,0,0
BRDA:40,12,1,67
BRDA:47,13,0,42
BRDA:47,13,1,25
BRDA:52,14,0,9
BRDA:52,14,1,16
BRF:14
BRH:11
end_of_record
